  stdafx.cpp
  Timer.cpp
  Shape.cpp
  Randomizer.cpp
c:\users\chapkailo\documents\github\sunny-piscator\sunny piscator\sunny piscator\randomizer.cpp(17): warning C4244: '=': conversion from 'double' to 'int', possible loss of data
c:\users\chapkailo\documents\github\sunny-piscator\sunny piscator\sunny piscator\randomizer.cpp(18): warning C4244: '=': conversion from 'double' to 'int', possible loss of data
  Limn.cpp
  In_Out.cpp
c:\users\chapkailo\documents\github\sunny-piscator\sunny piscator\sunny piscator\in_out.cpp(36): warning C4996: 'kbhit': The POSIX name for this item is deprecated. Instead, use the ISO C and C++ conformant name: _kbhit. See online help for details.
  c:\program files (x86)\windows kits\10\include\10.0.10240.0\ucrt\conio.h(458): note: see declaration of 'kbhit'
c:\users\chapkailo\documents\github\sunny-piscator\sunny piscator\sunny piscator\in_out.cpp(45): warning C4996: 'getche': The POSIX name for this item is deprecated. Instead, use the ISO C and C++ conformant name: _getche. See online help for details.
  c:\program files (x86)\windows kits\10\include\10.0.10240.0\ucrt\conio.h(455): note: see declaration of 'getche'
c:\users\chapkailo\documents\github\sunny-piscator\sunny piscator\sunny piscator\in_out.cpp(48): warning C4996: 'getch': The POSIX name for this item is deprecated. Instead, use the ISO C and C++ conformant name: _getch. See online help for details.
  c:\program files (x86)\windows kits\10\include\10.0.10240.0\ucrt\conio.h(452): note: see declaration of 'getch'
c:\users\chapkailo\documents\github\sunny-piscator\sunny piscator\sunny piscator\in_out.cpp(59): warning C4996: 'getche': The POSIX name for this item is deprecated. Instead, use the ISO C and C++ conformant name: _getche. See online help for details.
  c:\program files (x86)\windows kits\10\include\10.0.10240.0\ucrt\conio.h(455): note: see declaration of 'getche'
c:\users\chapkailo\documents\github\sunny-piscator\sunny piscator\sunny piscator\in_out.cpp(61): warning C4996: 'getch': The POSIX name for this item is deprecated. Instead, use the ISO C and C++ conformant name: _getch. See online help for details.
  c:\program files (x86)\windows kits\10\include\10.0.10240.0\ucrt\conio.h(452): note: see declaration of 'getch'
c:\users\chapkailo\documents\github\sunny-piscator\sunny piscator\sunny piscator\in_out.cpp(72): warning C4996: 'getche': The POSIX name for this item is deprecated. Instead, use the ISO C and C++ conformant name: _getche. See online help for details.
  c:\program files (x86)\windows kits\10\include\10.0.10240.0\ucrt\conio.h(455): note: see declaration of 'getche'
c:\users\chapkailo\documents\github\sunny-piscator\sunny piscator\sunny piscator\in_out.cpp(74): warning C4996: 'getch': The POSIX name for this item is deprecated. Instead, use the ISO C and C++ conformant name: _getch. See online help for details.
  c:\program files (x86)\windows kits\10\include\10.0.10240.0\ucrt\conio.h(452): note: see declaration of 'getch'
  Indicator.cpp
  Cursor.cpp
  Colour.cpp
  Colour Controller.cpp
  Generating Code...
Cursor.obj : error LNK2019: unresolved external symbol "private: void __thiscall Cursor::SetConsole(void)" (?SetConsole@Cursor@@AAEXXZ) referenced in function "public: void __thiscall Cursor::SetPosition(short,short)" (?SetPosition@Cursor@@QAEXFF@Z)
MSVCRTD.lib(exe_main.obj) : error LNK2019: unresolved external symbol _main referenced in function "int __cdecl invoke_main(void)" (?invoke_main@@YAHXZ)
C:\Users\Chapkailo\Documents\GitHub\Sunny-Piscator\Sunny Piscator\Debug\Sunny Piscator.exe : fatal error LNK1120: 2 unresolved externals
